2023-11-07 14:49:01.862 [main] INFO  com.gec.system.ServiceApplication - Starting ServiceApplication on resol with PID 19304 (D:\code_yq\gec-movie-code\gec-service-system\target\classes started by resol in D:\code_yq\gec-movie-code)
2023-11-07 14:49:01.862 [main] INFO  com.gec.system.ServiceApplication - The following profiles are active: dev
2023-11-07 14:49:02.926 [main] INFO  o.s.d.r.config.RepositoryConfigurationDelegate - Multiple Spring Data modules found, entering strict repository configuration mode!
2023-11-07 14:49:02.926 [main] INFO  o.s.d.r.config.RepositoryConfigurationDelegate - Bootstrapping Spring Data Redis repositories in DEFAULT mode.
2023-11-07 14:49:02.971 [main] INFO  o.s.d.r.config.RepositoryConfigurationDelegate - Finished Spring Data repository scanning in 16ms. Found 0 Redis repository interfaces.
2023-11-07 14:49:03.291 [main] INFO  o.s.c.s.PostProcessorRegistrationDelegate$BeanPostProcessorChecker - Bean 'org.springframework.security.access.expression.method.DefaultMethodSecurityExpressionHandler@446c3920' of type [org.springframework.security.access.expression.method.DefaultMethodSecurityExpressionHandler] is not eligible for getting processed by all BeanPostProcessors (for example: not eligible for auto-proxying)
2023-11-07 14:49:03.291 [main] INFO  o.s.c.s.PostProcessorRegistrationDelegate$BeanPostProcessorChecker - Bean 'methodSecurityMetadataSource' of type [org.springframework.security.access.method.DelegatingMethodSecurityMetadataSource] is not eligible for getting processed by all BeanPostProcessors (for example: not eligible for auto-proxying)
2023-11-07 14:49:03.584 [main] INFO  o.s.boot.web.embedded.tomcat.TomcatWebServer - Tomcat initialized with port(s): 8080 (http)
2023-11-07 14:49:03.592 [main] INFO  org.apache.coyote.http11.Http11NioProtocol - Initializing ProtocolHandler ["http-nio-8080"]
2023-11-07 14:49:03.592 [main] INFO  org.apache.catalina.core.StandardService - Starting service [Tomcat]
2023-11-07 14:49:03.592 [main] INFO  org.apache.catalina.core.StandardEngine - Starting Servlet engine: [Apache Tomcat/9.0.39]
2023-11-07 14:49:03.724 [main] INFO  o.a.c.core.ContainerBase.[Tomcat].[localhost].[/] - Initializing Spring embedded WebApplicationContext
2023-11-07 14:49:03.724 [main] INFO  o.s.b.w.s.c.ServletWebServerApplicationContext - Root WebApplicationContext: initialization completed in 1814 ms
2023-11-07 14:49:03.876 [main] INFO  org.apache.catalina.core.StandardService - Stopping service [Tomcat]
2023-11-07 14:52:56.766 [main] INFO  com.gec.system.ServiceApplication - Starting ServiceApplication on resol with PID 22112 (D:\code_yq\gec-movie-code\gec-service-system\target\classes started by resol in D:\code_yq\gec-movie-code)
2023-11-07 14:52:56.774 [main] INFO  com.gec.system.ServiceApplication - The following profiles are active: dev
2023-11-07 14:52:57.671 [main] INFO  o.s.d.r.config.RepositoryConfigurationDelegate - Multiple Spring Data modules found, entering strict repository configuration mode!
2023-11-07 14:52:57.671 [main] INFO  o.s.d.r.config.RepositoryConfigurationDelegate - Bootstrapping Spring Data Redis repositories in DEFAULT mode.
2023-11-07 14:52:57.703 [main] INFO  o.s.d.r.config.RepositoryConfigurationDelegate - Finished Spring Data repository scanning in 15ms. Found 0 Redis repository interfaces.
2023-11-07 14:52:57.999 [main] INFO  o.s.c.s.PostProcessorRegistrationDelegate$BeanPostProcessorChecker - Bean 'org.springframework.security.access.expression.method.DefaultMethodSecurityExpressionHandler@2eaef76d' of type [org.springframework.security.access.expression.method.DefaultMethodSecurityExpressionHandler] is not eligible for getting processed by all BeanPostProcessors (for example: not eligible for auto-proxying)
2023-11-07 14:52:57.999 [main] INFO  o.s.c.s.PostProcessorRegistrationDelegate$BeanPostProcessorChecker - Bean 'methodSecurityMetadataSource' of type [org.springframework.security.access.method.DelegatingMethodSecurityMetadataSource] is not eligible for getting processed by all BeanPostProcessors (for example: not eligible for auto-proxying)
2023-11-07 14:52:58.228 [main] INFO  o.s.boot.web.embedded.tomcat.TomcatWebServer - Tomcat initialized with port(s): 8080 (http)
2023-11-07 14:52:58.236 [main] INFO  org.apache.coyote.http11.Http11NioProtocol - Initializing ProtocolHandler ["http-nio-8080"]
2023-11-07 14:52:58.236 [main] INFO  org.apache.catalina.core.StandardService - Starting service [Tomcat]
2023-11-07 14:52:58.236 [main] INFO  org.apache.catalina.core.StandardEngine - Starting Servlet engine: [Apache Tomcat/9.0.39]
2023-11-07 14:52:58.364 [main] INFO  o.a.c.core.ContainerBase.[Tomcat].[localhost].[/] - Initializing Spring embedded WebApplicationContext
2023-11-07 14:52:58.364 [main] INFO  o.s.b.w.s.c.ServletWebServerApplicationContext - Root WebApplicationContext: initialization completed in 1558 ms
2023-11-07 14:52:58.492 [main] INFO  org.apache.catalina.core.StandardService - Stopping service [Tomcat]
2023-11-07 14:55:54.982 [main] INFO  com.gec.system.ServiceApplication - Starting ServiceApplication on resol with PID 19204 (D:\code_yq\gec-movie-code\gec-service-system\target\classes started by resol in D:\code_yq\gec-movie-code)
2023-11-07 14:55:54.983 [main] INFO  com.gec.system.ServiceApplication - The following profiles are active: dev
2023-11-07 14:55:55.973 [main] INFO  o.s.d.r.config.RepositoryConfigurationDelegate - Multiple Spring Data modules found, entering strict repository configuration mode!
2023-11-07 14:55:55.973 [main] INFO  o.s.d.r.config.RepositoryConfigurationDelegate - Bootstrapping Spring Data Redis repositories in DEFAULT mode.
2023-11-07 14:55:56.012 [main] INFO  o.s.d.r.config.RepositoryConfigurationDelegate - Finished Spring Data repository scanning in 15ms. Found 0 Redis repository interfaces.
2023-11-07 14:55:56.338 [main] INFO  o.s.c.s.PostProcessorRegistrationDelegate$BeanPostProcessorChecker - Bean 'org.springframework.security.access.expression.method.DefaultMethodSecurityExpressionHandler@53dad875' of type [org.springframework.security.access.expression.method.DefaultMethodSecurityExpressionHandler] is not eligible for getting processed by all BeanPostProcessors (for example: not eligible for auto-proxying)
2023-11-07 14:55:56.338 [main] INFO  o.s.c.s.PostProcessorRegistrationDelegate$BeanPostProcessorChecker - Bean 'methodSecurityMetadataSource' of type [org.springframework.security.access.method.DelegatingMethodSecurityMetadataSource] is not eligible for getting processed by all BeanPostProcessors (for example: not eligible for auto-proxying)
2023-11-07 14:55:56.616 [main] INFO  o.s.boot.web.embedded.tomcat.TomcatWebServer - Tomcat initialized with port(s): 8080 (http)
2023-11-07 14:55:56.628 [main] INFO  org.apache.coyote.http11.Http11NioProtocol - Initializing ProtocolHandler ["http-nio-8080"]
2023-11-07 14:55:56.629 [main] INFO  org.apache.catalina.core.StandardService - Starting service [Tomcat]
2023-11-07 14:55:56.629 [main] INFO  org.apache.catalina.core.StandardEngine - Starting Servlet engine: [Apache Tomcat/9.0.39]
2023-11-07 14:55:56.759 [main] INFO  o.a.c.core.ContainerBase.[Tomcat].[localhost].[/] - Initializing Spring embedded WebApplicationContext
2023-11-07 14:55:56.759 [main] INFO  o.s.b.w.s.c.ServletWebServerApplicationContext - Root WebApplicationContext: initialization completed in 1735 ms
2023-11-07 14:55:56.912 [main] INFO  org.apache.catalina.core.StandardService - Stopping service [Tomcat]
2023-11-07 14:59:28.492 [main] INFO  com.gec.system.ServiceApplication - Starting ServiceApplication on resol with PID 19040 (D:\code_yq\gec-movie-code\gec-service-system\target\classes started by resol in D:\code_yq\gec-movie-code)
2023-11-07 14:59:28.500 [main] INFO  com.gec.system.ServiceApplication - The following profiles are active: dev
2023-11-07 14:59:29.542 [main] INFO  o.s.d.r.config.RepositoryConfigurationDelegate - Multiple Spring Data modules found, entering strict repository configuration mode!
2023-11-07 14:59:29.542 [main] INFO  o.s.d.r.config.RepositoryConfigurationDelegate - Bootstrapping Spring Data Redis repositories in DEFAULT mode.
2023-11-07 14:59:29.583 [main] INFO  o.s.d.r.config.RepositoryConfigurationDelegate - Finished Spring Data repository scanning in 16ms. Found 0 Redis repository interfaces.
2023-11-07 14:59:29.911 [main] INFO  o.s.c.s.PostProcessorRegistrationDelegate$BeanPostProcessorChecker - Bean 'org.springframework.security.access.expression.method.DefaultMethodSecurityExpressionHandler@409986fe' of type [org.springframework.security.access.expression.method.DefaultMethodSecurityExpressionHandler] is not eligible for getting processed by all BeanPostProcessors (for example: not eligible for auto-proxying)
2023-11-07 14:59:29.911 [main] INFO  o.s.c.s.PostProcessorRegistrationDelegate$BeanPostProcessorChecker - Bean 'methodSecurityMetadataSource' of type [org.springframework.security.access.method.DelegatingMethodSecurityMetadataSource] is not eligible for getting processed by all BeanPostProcessors (for example: not eligible for auto-proxying)
2023-11-07 14:59:30.207 [main] INFO  o.s.boot.web.embedded.tomcat.TomcatWebServer - Tomcat initialized with port(s): 8080 (http)
2023-11-07 14:59:30.215 [main] INFO  org.apache.coyote.http11.Http11NioProtocol - Initializing ProtocolHandler ["http-nio-8080"]
2023-11-07 14:59:30.215 [main] INFO  org.apache.catalina.core.StandardService - Starting service [Tomcat]
2023-11-07 14:59:30.215 [main] INFO  org.apache.catalina.core.StandardEngine - Starting Servlet engine: [Apache Tomcat/9.0.39]
2023-11-07 14:59:30.359 [main] INFO  o.a.c.core.ContainerBase.[Tomcat].[localhost].[/] - Initializing Spring embedded WebApplicationContext
2023-11-07 14:59:30.359 [main] INFO  o.s.b.w.s.c.ServletWebServerApplicationContext - Root WebApplicationContext: initialization completed in 1772 ms
2023-11-07 14:59:30.503 [main] INFO  org.apache.catalina.core.StandardService - Stopping service [Tomcat]
2023-11-07 15:01:36.439 [main] INFO  com.gec.system.ServiceApplication - Starting ServiceApplication on resol with PID 20468 (D:\code_yq\gec-movie-code\gec-service-system\target\classes started by resol in D:\code_yq\gec-movie-code)
2023-11-07 15:01:36.440 [main] INFO  com.gec.system.ServiceApplication - The following profiles are active: dev
2023-11-07 15:01:37.326 [main] INFO  o.s.d.r.config.RepositoryConfigurationDelegate - Multiple Spring Data modules found, entering strict repository configuration mode!
2023-11-07 15:01:37.328 [main] INFO  o.s.d.r.config.RepositoryConfigurationDelegate - Bootstrapping Spring Data Redis repositories in DEFAULT mode.
2023-11-07 15:01:37.364 [main] INFO  o.s.d.r.config.RepositoryConfigurationDelegate - Finished Spring Data repository scanning in 15ms. Found 0 Redis repository interfaces.
2023-11-07 15:01:37.658 [main] INFO  o.s.c.s.PostProcessorRegistrationDelegate$BeanPostProcessorChecker - Bean 'org.springframework.security.access.expression.method.DefaultMethodSecurityExpressionHandler@446c3920' of type [org.springframework.security.access.expression.method.DefaultMethodSecurityExpressionHandler] is not eligible for getting processed by all BeanPostProcessors (for example: not eligible for auto-proxying)
2023-11-07 15:01:37.661 [main] INFO  o.s.c.s.PostProcessorRegistrationDelegate$BeanPostProcessorChecker - Bean 'methodSecurityMetadataSource' of type [org.springframework.security.access.method.DelegatingMethodSecurityMetadataSource] is not eligible for getting processed by all BeanPostProcessors (for example: not eligible for auto-proxying)
2023-11-07 15:01:37.903 [main] INFO  o.s.boot.web.embedded.tomcat.TomcatWebServer - Tomcat initialized with port(s): 8080 (http)
2023-11-07 15:01:37.911 [main] INFO  org.apache.coyote.http11.Http11NioProtocol - Initializing ProtocolHandler ["http-nio-8080"]
2023-11-07 15:01:37.911 [main] INFO  org.apache.catalina.core.StandardService - Starting service [Tomcat]
2023-11-07 15:01:37.912 [main] INFO  org.apache.catalina.core.StandardEngine - Starting Servlet engine: [Apache Tomcat/9.0.39]
2023-11-07 15:01:38.037 [main] INFO  o.a.c.core.ContainerBase.[Tomcat].[localhost].[/] - Initializing Spring embedded WebApplicationContext
2023-11-07 15:01:38.037 [main] INFO  o.s.b.w.s.c.ServletWebServerApplicationContext - Root WebApplicationContext: initialization completed in 1557 ms
2023-11-07 15:01:38.164 [main] INFO  org.apache.catalina.core.StandardService - Stopping service [Tomcat]
